Line 425: Class MSComctlLib.ListView of control lstConsultationRecords was not a loaded control class.
Line 431: The property name _ExtentX in lstConsultationRecords is invalid.
Line 432: The property name _ExtentY in lstConsultationRecords is invalid.
Line 433: The property name View in lstConsultationRecords is invalid.
Line 434: The property name Sorted in lstConsultationRecords is invalid.
Line 435: The property name LabelWrap in lstConsultationRecords is invalid.
Line 436: The property name HideSelection in lstConsultationRecords is invalid.
Line 437: The property name FullRowSelect in lstConsultationRecords is invalid.
Line 438: The property name GridLines in lstConsultationRecords is invalid.
Line 439: The property name _Version in lstConsultationRecords is invalid.
Line 453: The property name NumItems in lstConsultationRecords is invalid.
Line 457: The property name ColumnHeader(1) in lstConsultationRecords is invalid.
Line 462: The property name ColumnHeader(2) in lstConsultationRecords is invalid.
Line 467: The property name ColumnHeader(3) in lstConsultationRecords is invalid.
Line 472: The property name ColumnHeader(4) in lstConsultationRecords is invalid.
Line 477: The property name ColumnHeader(5) in lstConsultationRecords is invalid.
Line 482: The property name ColumnHeader(6) in lstConsultationRecords is invalid.
Line 487: The property name ColumnHeader(7) in lstConsultationRecords is invalid.
Line 492: The property name ColumnHeader(8) in lstConsultationRecords is invalid.
Line 497: The property name ColumnHeader(9) in lstConsultationRecords is invalid.
Line 502: The property name ColumnHeader(10) in lstConsultationRecords is invalid.
Line 507: The property name ColumnHeader(11) in lstConsultationRecords is invalid.
Line 512: The property name ColumnHeader(12) in lstConsultationRecords is invalid.
Line 517: The property name ColumnHeader(13) in lstConsultationRecords is invalid.
Line 522: The property name ColumnHeader(14) in lstConsultationRecords is invalid.
Line 527: The property name ColumnHeader(15) in lstConsultationRecords is invalid.
Line 532: The property name ColumnHeader(16) in lstConsultationRecords is invalid.
Line 537: The property name ColumnHeader(17) in lstConsultationRecords is invalid.
Line 542: The property name ColumnHeader(18) in lstConsultationRecords is invalid.
Line 547: The property name ColumnHeader(19) in lstConsultationRecords is invalid.
Line 552: The property name ColumnHeader(20) in lstConsultationRecords is invalid.
Line 557: The property name ColumnHeader(21) in lstConsultationRecords is invalid.
Line 562: The property name ColumnHeader(22) in lstConsultationRecords is invalid.
Line 567: The property name ColumnHeader(23) in lstConsultationRecords is invalid.
Line 572: The property name ColumnHeader(24) in lstConsultationRecords is invalid.
